{"C:\\Users\\keren\\OneDrive\\Desktop\\Assignment8\\backend\\src\\app.js": {"path":"C:\\Users\\keren\\OneDrive\\Desktop\\Assignment8\\backend\\src\\app.js","statementMap":{"0":{"start":{"line":1,"column":16},"end":{"line":1,"column":34}},"1":{"start":{"line":2,"column":13},"end":{"line":2,"column":28}},"2":{"start":{"line":3,"column":13},"end":{"line":3,"column":31}},"3":{"start":{"line":4,"column":18},"end":{"line":4,"column":47}},"4":{"start":{"line":5,"column":11},"end":{"line":5,"column":24}},"5":{"start":{"line":6,"column":13},"end":{"line":6,"column":28}},"6":{"start":{"line":7,"column":25},"end":{"line":7,"column":61}},"7":{"start":{"line":9,"column":14},"end":{"line":9,"column":32}},"8":{"start":{"line":10,"column":13},"end":{"line":10,"column":30}},"9":{"start":{"line":12,"column":12},"end":{"line":12,"column":21}},"10":{"start":{"line":13,"column":0},"end":{"line":13,"column":16}},"11":{"start":{"line":14,"column":0},"end":{"line":14,"column":24}},"12":{"start":{"line":15,"column":0},"end":{"line":15,"column":47}},"13":{"start":{"line":17,"column":16},"end":{"line":17,"column":59}},"14":{"start":{"line":18,"column":15},"end":{"line":18,"column":58}},"15":{"start":{"line":20,"column":0},"end":{"line":24,"column":2}},"16":{"start":{"line":26,"column":0},"end":{"line":32,"column":2}},"17":{"start":{"line":34,"column":0},"end":{"line":34,"column":32}},"18":{"start":{"line":35,"column":0},"end":{"line":35,"column":34}},"19":{"start":{"line":38,"column":0},"end":{"line":44,"column":3}},"20":{"start":{"line":39,"column":2},"end":{"line":43,"column":5}},"21":{"start":{"line":46,"column":0},"end":{"line":46,"column":21}}},"fnMap":{"0":{"name":"(anonymous_0)","decl":{"start":{"line":38,"column":8},"end":{"line":38,"column":9}},"loc":{"start":{"line":38,"column":33},"end":{"line":44,"column":1}},"line":38}},"branchMap":{},"s":{"0":1,"1":1,"2":1,"3":1,"4":1,"5":1,"6":1,"7":1,"8":1,"9":1,"10":1,"11":1,"12":1,"13":1,"14":1,"15":1,"16":1,"17":1,"18":1,"19":1,"20":0,"21":1},"f":{"0":0},"b":{},"_coverageSchema":"1a1c01bbd47fc00a2c39e90264f33305004495a9","hash":"11bc03085bbb20b6065ff11947f0763c5863567f"}
,"C:\\Users\\keren\\OneDrive\\Desktop\\Assignment8\\backend\\src\\auth.js": {"path":"C:\\Users\\keren\\OneDrive\\Desktop\\Assignment8\\backend\\src\\auth.js","statementMap":{"0":{"start":{"line":13,"column":12},"end":{"line":13,"column":35}},"1":{"start":{"line":14,"column":15},"end":{"line":14,"column":32}},"2":{"start":{"line":16,"column":15},"end":{"line":16,"column":28}},"3":{"start":{"line":19,"column":13},"end":{"line":25,"column":2}},"4":{"start":{"line":27,"column":0},"end":{"line":51,"column":2}},"5":{"start":{"line":29,"column":22},"end":{"line":29,"column":77}},"6":{"start":{"line":30,"column":23},"end":{"line":30,"column":69}},"7":{"start":{"line":31,"column":31},"end":{"line":31,"column":51}},"8":{"start":{"line":33,"column":28},"end":{"line":33,"column":36}},"9":{"start":{"line":34,"column":16},"end":{"line":34,"column":54}},"10":{"start":{"line":35,"column":17},"end":{"line":35,"column":49}},"11":{"start":{"line":36,"column":15},"end":{"line":36,"column":35}},"12":{"start":{"line":38,"column":2},"end":{"line":50,"column":3}},"13":{"start":{"line":39,"column":24},"end":{"line":46,"column":5}},"14":{"start":{"line":47,"column":4},"end":{"line":47,"column":70}},"15":{"start":{"line":49,"column":4},"end":{"line":49,"column":48}},"16":{"start":{"line":53,"column":0},"end":{"line":73,"column":2}},"17":{"start":{"line":55,"column":22},"end":{"line":55,"column":85}},"18":{"start":{"line":56,"column":23},"end":{"line":56,"column":69}},"19":{"start":{"line":57,"column":31},"end":{"line":57,"column":64}},"20":{"start":{"line":60,"column":21},"end":{"line":60,"column":46}},"21":{"start":{"line":61,"column":2},"end":{"line":72,"column":3}},"22":{"start":{"line":62,"column":18},"end":{"line":62,"column":42}},"23":{"start":{"line":63,"column":4},"end":{"line":69,"column":7}},"24":{"start":{"line":64,"column":6},"end":{"line":66,"column":7}},"25":{"start":{"line":65,"column":8},"end":{"line":65,"column":35}},"26":{"start":{"line":67,"column":6},"end":{"line":67,"column":22}},"27":{"start":{"line":68,"column":6},"end":{"line":68,"column":13}},"28":{"start":{"line":71,"column":4},"end":{"line":71,"column":24}}},"fnMap":{"0":{"name":"(anonymous_0)","decl":{"start":{"line":27,"column":16},"end":{"line":27,"column":17}},"loc":{"start":{"line":27,"column":36},"end":{"line":51,"column":1}},"line":27},"1":{"name":"(anonymous_1)","decl":{"start":{"line":53,"column":16},"end":{"line":53,"column":17}},"loc":{"start":{"line":53,"column":42},"end":{"line":73,"column":1}},"line":53},"2":{"name":"(anonymous_2)","decl":{"start":{"line":63,"column":44},"end":{"line":63,"column":45}},"loc":{"start":{"line":63,"column":59},"end":{"line":69,"column":5}},"line":63}},"branchMap":{"0":{"loc":{"start":{"line":38,"column":2},"end":{"line":50,"column":3}},"type":"if","locations":[{"start":{"line":38,"column":2},"end":{"line":50,"column":3}},{"start":{"line":48,"column":9},"end":{"line":50,"column":3}}],"line":38},"1":{"loc":{"start":{"line":38,"column":6},"end":{"line":38,"column":57}},"type":"binary-expr","locations":[{"start":{"line":38,"column":6},"end":{"line":38,"column":10}},{"start":{"line":38,"column":14},"end":{"line":38,"column":57}}],"line":38},"2":{"loc":{"start":{"line":61,"column":2},"end":{"line":72,"column":3}},"type":"if","locations":[{"start":{"line":61,"column":2},"end":{"line":72,"column":3}},{"start":{"line":70,"column":9},"end":{"line":72,"column":3}}],"line":61},"3":{"loc":{"start":{"line":64,"column":6},"end":{"line":66,"column":7}},"type":"if","locations":[{"start":{"line":64,"column":6},"end":{"line":66,"column":7}},{"start":{},"end":{}}],"line":64}},"s":{"0":1,"1":1,"2":1,"3":1,"4":1,"5":0,"6":0,"7":0,"8":0,"9":0,"10":0,"11":0,"12":0,"13":0,"14":0,"15":0,"16":1,"17":0,"18":0,"19":0,"20":0,"21":0,"22":0,"23":0,"24":0,"25":0,"26":0,"27":0,"28":0},"f":{"0":0,"1":0,"2":0},"b":{"0":[0,0],"1":[0,0],"2":[0,0],"3":[0,0]},"_coverageSchema":"1a1c01bbd47fc00a2c39e90264f33305004495a9","hash":"1364d2987cc65462db4c64cf962d9fe296f24a07"}
,"C:\\Users\\keren\\OneDrive\\Desktop\\Assignment8\\backend\\src\\dummy.js": {"path":"C:\\Users\\keren\\OneDrive\\Desktop\\Assignment8\\backend\\src\\dummy.js","statementMap":{"0":{"start":{"line":1,"column":15},"end":{"line":1,"column":28}},"1":{"start":{"line":3,"column":13},"end":{"line":9,"column":2}},"2":{"start":{"line":11,"column":20},"end":{"line":19,"column":1}},"3":{"start":{"line":12,"column":17},"end":{"line":12,"column":38}},"4":{"start":{"line":13,"column":16},"end":{"line":16,"column":3}},"5":{"start":{"line":17,"column":17},"end":{"line":17,"column":40}},"6":{"start":{"line":18,"column":2},"end":{"line":18,"column":25}},"7":{"start":{"line":21,"column":0},"end":{"line":25,"column":2}},"8":{"start":{"line":22,"column":2},"end":{"line":24,"column":52}}},"fnMap":{"0":{"name":"(anonymous_0)","decl":{"start":{"line":11,"column":20},"end":{"line":11,"column":21}},"loc":{"start":{"line":11,"column":32},"end":{"line":19,"column":1}},"line":11},"1":{"name":"(anonymous_1)","decl":{"start":{"line":21,"column":14},"end":{"line":21,"column":15}},"loc":{"start":{"line":21,"column":34},"end":{"line":25,"column":1}},"line":21}},"branchMap":{},"s":{"0":1,"1":1,"2":1,"3":0,"4":0,"5":0,"6":0,"7":1,"8":0},"f":{"0":0,"1":0},"b":{},"_coverageSchema":"1a1c01bbd47fc00a2c39e90264f33305004495a9","hash":"4f3726ff3a054c596f1006724dd63a3860b00483"}
,"C:\\Users\\keren\\OneDrive\\Desktop\\Assignment8\\backend\\src\\__tests__\\db.js": {"path":"C:\\Users\\keren\\OneDrive\\Desktop\\Assignment8\\backend\\src\\__tests__\\db.js","statementMap":{"0":{"start":{"line":5,"column":11},"end":{"line":5,"column":24}},"1":{"start":{"line":6,"column":15},"end":{"line":6,"column":28}},"2":{"start":{"line":8,"column":0},"end":{"line":8,"column":27}},"3":{"start":{"line":9,"column":0},"end":{"line":9,"column":31}},"4":{"start":{"line":11,"column":13},"end":{"line":17,"column":2}},"5":{"start":{"line":19,"column":12},"end":{"line":25,"column":1}},"6":{"start":{"line":20,"column":18},"end":{"line":20,"column":47}},"7":{"start":{"line":21,"column":21},"end":{"line":21,"column":43}},"8":{"start":{"line":22,"column":2},"end":{"line":24,"column":3}},"9":{"start":{"line":23,"column":4},"end":{"line":23,"column":32}},"10":{"start":{"line":27,"column":0},"end":{"line":31,"column":2}},"11":{"start":{"line":28,"column":2},"end":{"line":28,"column":30}},"12":{"start":{"line":29,"column":2},"end":{"line":29,"column":28}},"13":{"start":{"line":30,"column":2},"end":{"line":30,"column":31}},"14":{"start":{"line":33,"column":0},"end":{"line":37,"column":2}},"15":{"start":{"line":34,"column":2},"end":{"line":36,"column":5}}},"fnMap":{"0":{"name":"(anonymous_0)","decl":{"start":{"line":19,"column":12},"end":{"line":19,"column":13}},"loc":{"start":{"line":19,"column":28},"end":{"line":25,"column":1}},"line":19},"1":{"name":"(anonymous_1)","decl":{"start":{"line":27,"column":16},"end":{"line":27,"column":17}},"loc":{"start":{"line":27,"column":28},"end":{"line":31,"column":1}},"line":27},"2":{"name":"(anonymous_2)","decl":{"start":{"line":33,"column":19},"end":{"line":33,"column":20}},"loc":{"start":{"line":33,"column":25},"end":{"line":37,"column":1}},"line":33},"3":{"name":"(anonymous_3)","decl":{"start":{"line":34,"column":11},"end":{"line":34,"column":12}},"loc":{"start":{"line":34,"column":17},"end":{"line":36,"column":3}},"line":34}},"branchMap":{},"s":{"0":1,"1":1,"2":1,"3":1,"4":1,"5":1,"6":1,"7":1,"8":1,"9":11,"10":1,"11":1,"12":0,"13":0,"14":1,"15":1},"f":{"0":1,"1":1,"2":1,"3":1},"b":{},"_coverageSchema":"1a1c01bbd47fc00a2c39e90264f33305004495a9","hash":"ff2c047b973c83d3a517c8132fd0c2ee584645c0"}
}
